<?xml version="1.0" encoding="UTF-8"?>
<!-- Generated by org.testng.reporters.JUnitXMLReporter -->
<testsuite ignored="0" hostname="Venky" failures="2" tests="6" name="Test" time="53.458" errors="0" timestamp="2025-10-01T19:48:51 IST">
  <testcase classname="kynevtic.Test.VerifyProductPresence" name="verifyProductInCart" time="4.621"/>
  <testcase classname="kynevtic.Test.VerifyProductPresence" name="verifyProductPresenceTest" time="1.908"/>
  <testcase classname="kynevtic.Test.VerifyProductPresence" name="verifyActualProductInCart" time="4.657"/>
  <testcase classname="kynevtic.Test.SubmitOrderTest" name="submitOrderTest" time="5.919">
    <failure type="java.lang.AssertionError" message="expected [Product Added To Cart] but found []">
      <![CDATA[java.lang.AssertionError: expected [Product Added To Cart] but found []
at kynevtic.Test.SubmitOrderTest.submitOrderTest(SubmitOrderTest.java:36)
at java.base/java.util.ArrayList.forEach(ArrayList.java:1604)
... Removed 31 stack frames]]>
    </failure>
  </testcase> <!-- submitOrderTest -->
  <testcase classname="kynevtic.Test.SubmitOrderTest" name="submitOrderTest" time="8.775">
    <failure type="java.lang.AssertionError" message="expected [false] but found [true]">
      <![CDATA[java.lang.AssertionError: expected [false] but found [true]
at kynevtic.pageobjects.ProductsPagePOM.getProductName(ProductsPagePOM.java:40)
at kynevtic.pageobjects.ProductsPagePOM.addProductToCart(ProductsPagePOM.java:46)
at kynevtic.Test.SubmitOrderTest.submitOrderTest(SubmitOrderTest.java:34)
at java.base/java.util.ArrayList.forEach(ArrayList.java:1604)
... Removed 29 stack frames]]>
    </failure>
  </testcase> <!-- submitOrderTest -->
  <testcase classname="kynevtic.Test.FailedLogin" name="loginFailTest" time="0.306"/>
</testsuite> <!-- Test -->
