<?xml version="1.0" encoding="UTF-8"?>
<!-- Generated by org.testng.reporters.JUnitXMLReporter -->
<testsuite ignored="0" hostname="Venky" failures="3" tests="6" name="Test" time="35.601" errors="0" timestamp="2025-10-03T13:55:56 IST">
  <testcase classname="kynevtic.Test.VerifyProductPresence" name="verifyProductInCart" time="4.606"/>
  <testcase classname="kynevtic.Test.VerifyProductPresence" name="verifyProductPresenceTest" time="1.905"/>
  <testcase classname="kynevtic.Test.VerifyProductPresence" name="verifyActualProductInCart" time="2.987">
    <failure type="java.lang.AssertionError" message="expected [Product Added To Cart] but found []">
      <![CDATA[java.lang.AssertionError: expected [Product Added To Cart] but found []
at kynevtic.Test.VerifyProductPresence.verifyProductInCart(VerifyProductPresence.java:42)
at kynevtic.Test.VerifyProductPresence.verifyActualProductInCart(VerifyProductPresence.java:48)
at java.base/java.util.ArrayList.forEach(ArrayList.java:1604)
... Removed 35 stack frames]]>
    </failure>
  </testcase> <!-- verifyActualProductInCart -->
  <testcase classname="kynevtic.Test.SubmitOrderTest" name="submitOrderTest" time="8.431">
    <failure type="java.lang.AssertionError" message="expected [Product Added To Cart] but found []">
      <![CDATA[java.lang.AssertionError: expected [Product Added To Cart] but found []
at kynevtic.Test.SubmitOrderTest.submitOrderTest(SubmitOrderTest.java:36)
at java.base/java.util.ArrayList.forEach(ArrayList.java:1604)
... Removed 35 stack frames]]>
    </failure>
  </testcase> <!-- submitOrderTest -->
  <testcase classname="kynevtic.Test.SubmitOrderTest" name="submitOrderTest" time="8.772">
    <failure type="java.lang.AssertionError" message="expected [false] but found [true]">
      <![CDATA[java.lang.AssertionError: expected [false] but found [true]
at kynevtic.pageobjects.ProductsPagePOM.getProductName(ProductsPagePOM.java:40)
at kynevtic.pageobjects.ProductsPagePOM.addProductToCart(ProductsPagePOM.java:46)
at kynevtic.Test.SubmitOrderTest.submitOrderTest(SubmitOrderTest.java:34)
at java.base/java.util.ArrayList.forEach(ArrayList.java:1604)
... Removed 33 stack frames]]>
    </failure>
  </testcase> <!-- submitOrderTest -->
  <testcase classname="kynevtic.Test.FailedLogin" name="loginFailTest" time="0.799"/>
</testsuite> <!-- Test -->
